<?xml version="1.0" encoding="UTF-8"?>
<!-- Generated by org.testng.reporters.JUnitReportReporter -->
<testsuite hostname="Hemanth-62" failures="0" tests="1" name="MyFirstTestCase" time="32.658" errors="0" timestamp="2025-02-23T14:15:07 IST" skipped="0">
  <testcase classname="MyFirstTestCase" name="Update" time="32.658"/>
</testsuite> <!-- MyFirstTestCase -->
